2023-12-11 10:58:29,855 - pyswarms.single.global_best - INFO - Optimize for 100 iters with {'c1': 0.5, 'c2': 0.3, 'w': 0.9}
2023-12-11 10:58:29,932 - pyswarms.single.global_best - INFO - Optimization finished | best cost: 1.6864730850249054e-08, best pos: [-4.12536751e-05 -1.23137586e-04]
2023-12-11 10:59:09,350 - pyswarms.single.local_best - INFO - Optimize for 10 iters with {'c1': 3.566229283252014, 'c2': 6.203811102341261, 'w': 4.0324264347857595, 'k': 14, 'p': 1}
2023-12-11 10:59:09,361 - pyswarms.single.local_best - INFO - Optimization finished | best cost: 4.122963554075016, best pos: [0.42969757 0.08825854 0.28588895 0.31553175 0.24536539 0.4689046
 0.26363915 0.44391517 0.68588363 0.89136261 0.24820207 0.81573628
 0.36961844 0.10895536 0.26745646 0.07206107 0.29895717 0.07664559
 0.53760821 0.77531818]
2023-12-11 10:59:09,366 - pyswarms.single.local_best - INFO - Optimize for 10 iters with {'c1': 3.633433659844458, 'c2': 9.48130801964597, 'w': 3.484733615216035, 'k': 11, 'p': 1}
2023-12-11 10:59:09,379 - pyswarms.single.local_best - INFO - Optimization finished | best cost: 2.4846381799748563, best pos: [0.17789986 0.07797486 0.41386705 0.41563858 0.39008576 0.19694444
 0.19892773 0.32064099 0.53747697 0.22914333 0.39585511 0.05577207
 0.11900828 0.71784061 0.27879577 0.40818975 0.41780604 0.5654183
 0.00864048 0.01389453]
2023-12-11 10:59:09,415 - pyswarms.single.local_best - INFO - Optimize for 10 iters with {'c1': 4.9031630280182394, 'c2': 8.501882758453084, 'w': 3.115982918380829, 'k': 11, 'p': 1}
2023-12-11 10:59:09,431 - pyswarms.single.local_best - INFO - Optimization finished | best cost: 4.206038831959919, best pos: [0.2096566  0.72747372 0.11371417 0.8603666  0.01307439 0.54311022
 0.28417143 0.05834349 0.02382384 0.87568009 0.16215665 0.20993354
 0.24233342 0.14371382 0.21545175 0.42385508 0.57635016 0.39398065
 0.17336129 0.91637882]
2023-12-11 10:59:09,437 - pyswarms.single.local_best - INFO - Optimize for 10 iters with {'c1': 1.2066545783684242, 'c2': 7.70124610611585, 'w': 3.495963455451069, 'k': 13, 'p': 1}
2023-12-11 10:59:09,452 - pyswarms.single.local_best - INFO - Optimization finished | best cost: 3.6919324708167056, best pos: [0.19689445 0.02054626 0.15104308 0.5018764  0.50005632 0.02153626
 0.45051485 0.64710384 0.69054833 0.16564688 0.39811682 0.16984021
 0.7238559  0.60699907 0.54747599 0.62367469 0.08604444 0.38029899
 0.26538958 0.10298226]
2023-12-11 10:59:09,458 - pyswarms.single.local_best - INFO - Optimize for 10 iters with {'c1': 1.9445111853249544, 'c2': 9.124923408095594, 'w': 4.2794597914204875, 'k': 12, 'p': 1}
2023-12-11 10:59:09,471 - pyswarms.single.local_best - INFO - Optimization finished | best cost: 3.879955523971954, best pos: [0.35890821 0.14072083 0.94354026 0.2594761  0.01712925 0.34888689
 0.55442904 0.4433061  0.08493481 0.05327652 0.41448343 0.66930651
 0.87175397 0.1025205  0.17444117 0.6038725  0.47329726 0.07982658
 0.08464663 0.33895407]
2023-12-11 10:59:09,476 - pyswarms.single.local_best - INFO - Optimize for 10 iters with {'c1': 3.1567295406658973, 'c2': 7.309359396275185, 'w': 3.9058778900129516, 'k': 12, 'p': 1}
2023-12-11 10:59:09,493 - pyswarms.single.local_best - INFO - Optimization finished | best cost: 4.299900574975913, best pos: [0.93224865 0.06915987 0.17141378 0.33015156 0.21048143 0.68491565
 0.86153644 0.57419376 0.46151825 0.37487282 0.11661363 0.00256352
 0.21164612 0.00693853 0.17973135 0.02093833 0.32413143 0.5977246
 0.83019824 0.32558989]
2023-12-11 10:59:09,501 - pyswarms.single.local_best - INFO - Optimize for 10 iters with {'c1': 2.6243585382166867, 'c2': 7.301794519565551, 'w': 3.864492767980374, 'k': 12, 'p': 1}
2023-12-11 10:59:09,515 - pyswarms.single.local_best - INFO - Optimization finished | best cost: 3.804196962234845, best pos: [0.10772615 0.85061622 0.01652533 0.33242349 0.16722562 0.06859377
 0.13867262 0.09612864 0.35415447 0.81868444 0.0861178  0.7926442
 0.12816786 0.50962453 0.17036494 0.39190649 0.12459135 0.83162419
 0.43002292 0.33904867]
2023-12-11 10:59:09,520 - pyswarms.single.local_best - INFO - Optimize for 10 iters with {'c1': 2.3759069625995934, 'c2': 6.403138197330134, 'w': 2.6618353981392815, 'k': 12, 'p': 1}
2023-12-11 10:59:09,531 - pyswarms.single.local_best - INFO - Optimization finished | best cost: 3.78890519650079, best pos: [0.40835148 0.043917   0.28428545 0.51240329 0.52688154 0.01455983
 0.53433208 0.23917089 0.50429245 0.87804033 0.1110669  0.55434214
 0.63084315 0.71195016 0.56443549 0.16330249 0.13738914 0.16023734
 0.03875167 0.12360875]
2023-12-11 10:59:09,537 - pyswarms.single.local_best - INFO - Optimize for 10 iters with {'c1': 1.7525860409509901, 'c2': 6.215238904425243, 'w': 3.882255961904429, 'k': 12, 'p': 1}
2023-12-11 10:59:09,549 - pyswarms.single.local_best - INFO - Optimization finished | best cost: 4.245956876518763, best pos: [0.54268761 0.4868824  0.17346848 0.48392467 0.59586078 0.51108392
 0.31645239 0.74588568 0.11176735 0.12713614 0.18343847 0.18135153
 0.17880738 0.96544825 0.5298347  0.050924   0.6330455  0.09748036
 0.10487526 0.64307999]
2023-12-11 10:59:09,552 - pyswarms.single.local_best - INFO - Optimize for 10 iters with {'c1': 3.3541452241681564, 'c2': 9.95927325866487, 'w': 4.3043713272009025, 'k': 14, 'p': 1}
2023-12-11 10:59:09,563 - pyswarms.single.local_best - INFO - Optimization finished | best cost: 3.485992001202899, best pos: [0.64158975 0.28754222 0.58818627 0.13404082 0.51361125 0.60059285
 0.7291574  0.17278467 0.09778759 0.82040386 0.0460738  0.30808812
 0.37381193 0.18646584 0.36559106 0.10563344 0.22158066 0.30785026
 0.08157053 0.43840739]
2023-12-11 10:59:09,569 - pyswarms.single.local_best - INFO - Optimize for 10 iters with {'c1': 4.647727009384308, 'c2': 8.30688261810591, 'w': 2.2532910499130634, 'k': 13, 'p': 1}
2023-12-11 10:59:09,580 - pyswarms.single.local_best - INFO - Optimization finished | best cost: 3.982060720806486, best pos: [0.70740961 0.32765462 0.36941091 0.6890608  0.31631003 0.42777091
 0.22534042 0.46311877 0.78796212 0.37103177 0.31617676 0.31017897
 0.30860481 0.10355536 0.95458746 0.3099318  0.20588504 0.27725902
 0.15974862 0.04409401]
2023-12-11 10:59:09,583 - pyswarms.single.local_best - INFO - Optimize for 10 iters with {'c1': 4.5858833651648645, 'c2': 7.629158019904207, 'w': 3.238124197483201, 'k': 11, 'p': 1}
2023-12-11 10:59:09,594 - pyswarms.single.local_best - INFO - Optimization finished | best cost: 4.660742374128028, best pos: [0.16276987 0.56814523 0.43862946 0.53950528 0.29512153 0.064397
 0.58916693 0.39165428 0.62660221 0.54969403 0.60223438 0.09665683
 0.52410196 0.27749051 0.32419856 0.33029683 0.72466873 0.62130256
 0.18453136 0.81137073]
2023-12-11 10:59:09,599 - pyswarms.single.local_best - INFO - Optimize for 10 iters with {'c1': 1.69806564093438, 'c2': 6.174654255189513, 'w': 4.944859287881334, 'k': 13, 'p': 1}
2023-12-11 10:59:09,612 - pyswarms.single.local_best - INFO - Optimization finished | best cost: 3.966603072654806, best pos: [0.02031405 0.56677284 0.00901489 0.58715554 0.46834823 0.91322411
 0.84963816 0.09499452 0.54976962 0.0790257  0.40045164 0.55778063
 0.09450156 0.19665962 0.00936788 0.54254185 0.52771423 0.14030156
 0.28216471 0.1268369 ]
2023-12-11 10:59:09,617 - pyswarms.single.local_best - INFO - Optimize for 10 iters with {'c1': 2.3544333775437365, 'c2': 6.943521032842783, 'w': 4.117305474602084, 'k': 11, 'p': 1}
2023-12-11 10:59:09,629 - pyswarms.single.local_best - INFO - Optimization finished | best cost: 4.627842410493267, best pos: [0.00909846 0.78508956 0.36883483 0.68539867 0.80485235 0.42211799
 0.34947066 0.08101813 0.12253585 0.77765473 0.38587792 0.41683843
 0.57021553 0.2853965  0.18476832 0.40398907 0.45891676 0.69420315
 0.41878291 0.19145713]
2023-12-11 10:59:09,632 - pyswarms.single.local_best - INFO - Optimize for 10 iters with {'c1': 3.9654446873834384, 'c2': 6.073746637085687, 'w': 4.107672039707769, 'k': 14, 'p': 1}
2023-12-11 10:59:09,644 - pyswarms.single.local_best - INFO - Optimization finished | best cost: 3.975230872852069, best pos: [0.53313314 0.63185759 0.31270324 0.1475224  0.69626589 0.83466681
 0.36221694 0.039096   0.33957338 0.02094649 0.13517934 0.52422442
 0.3494684  0.26638065 0.51395966 0.4323931  0.06483662 0.05613653
 0.07425165 0.89001022]
2023-12-11 10:59:09,650 - pyswarms.single.local_best - INFO - Optimize for 10 iters with {'c1': 2.431474501048808, 'c2': 7.009391982094298, 'w': 2.5374726942066936, 'k': 11, 'p': 1}
2023-12-11 10:59:09,661 - pyswarms.single.local_best - INFO - Optimization finished | best cost: 4.090460075846135, best pos: [0.03136066 0.70434798 0.24004718 0.26956994 0.6537089  0.09394345
 0.39554641 0.63861551 0.55056134 0.14495816 0.04629104 0.65303713
 0.26420462 0.86213713 0.10671179 0.12010973 0.06809244 0.36151009
 0.42001041 0.74784244]
2023-12-11 10:59:09,666 - pyswarms.single.local_best - INFO - Optimize for 10 iters with {'c1': 3.5289510233155097, 'c2': 9.944262457307214, 'w': 4.740904879659386, 'k': 11, 'p': 1}
2023-12-11 10:59:09,676 - pyswarms.single.local_best - INFO - Optimization finished | best cost: 3.9270357176603254, best pos: [0.25471927 0.33148587 0.01854161 0.31251166 0.21460799 0.56793525
 0.24482021 0.47340268 0.03503046 0.49723923 0.4102403  0.67341506
 0.51683328 0.1187641  0.21871182 0.91035882 0.5464705  0.15221269
 0.19509166 0.78337829]
2023-12-11 10:59:09,683 - pyswarms.single.local_best - INFO - Optimize for 10 iters with {'c1': 4.956679225670824, 'c2': 8.423052803004383, 'w': 3.3524845757185466, 'k': 14, 'p': 1}
2023-12-11 10:59:09,695 - pyswarms.single.local_best - INFO - Optimization finished | best cost: 4.090327660096746, best pos: [0.19534817 0.10028182 0.3207412  0.60898125 0.29813966 0.79733456
 0.59685907 0.47616947 0.42570226 0.39955849 0.33102771 0.10609147
 0.74596275 0.00708772 0.1664671  0.69461388 0.5839812  0.1606227
 0.58244911 0.16209336]
2023-12-11 10:59:09,701 - pyswarms.single.local_best - INFO - Optimize for 10 iters with {'c1': 2.4107190065286304, 'c2': 7.146754793545453, 'w': 2.4853366499370573, 'k': 12, 'p': 1}
2023-12-11 10:59:09,713 - pyswarms.single.local_best - INFO - Optimization finished | best cost: 4.422257661521642, best pos: [0.73569333 0.31106361 0.21000853 0.11746351 0.60450149 0.0313238
 0.00979317 0.11396381 0.68002187 0.13253261 0.11475026 0.68297245
 0.15445625 0.80347104 0.74697981 0.00830282 0.72760986 0.03561132
 0.36476395 0.70430348]
2023-12-11 10:59:09,716 - pyswarms.single.local_best - INFO - Optimize for 10 iters with {'c1': 4.466311114435971, 'c2': 9.572361651181469, 'w': 4.008377971118641, 'k': 12, 'p': 1}
2023-12-11 10:59:09,727 - pyswarms.single.local_best - INFO - Optimization finished | best cost: 2.764283023738665, best pos: [0.42093649 0.15743509 0.3047466  0.05695746 0.24215218 0.19516888
 0.43735011 0.16105249 0.14035369 0.13969991 0.72340211 0.03297198
 0.12289037 0.4705137  0.71995693 0.14046653 0.01542544 0.50129105
 0.66031217 0.35572971]
2023-12-11 10:59:09,731 - pyswarms.single.local_best - INFO - Optimize for 10 iters with {'c1': 4.171528912746188, 'c2': 7.710887914183283, 'w': 2.6282674166855973, 'k': 13, 'p': 1}
2023-12-11 10:59:09,744 - pyswarms.single.local_best - INFO - Optimization finished | best cost: 3.51044336577028, best pos: [0.54784278 0.63428867 0.38905964 0.20657997 0.31125927 0.15491002
 0.59030995 0.19978122 0.24539881 0.35223766 0.00231342 0.20222242
 0.66009338 0.48575147 0.11290251 0.62503911 0.54239873 0.06620104
 0.58527258 0.40407456]
2023-12-11 10:59:09,750 - pyswarms.single.local_best - INFO - Optimize for 10 iters with {'c1': 2.4357230644082812, 'c2': 6.7134764524553034, 'w': 3.737574932143575, 'k': 14, 'p': 1}
2023-12-11 10:59:09,760 - pyswarms.single.local_best - INFO - Optimization finished | best cost: 4.044344323796702, best pos: [0.34204192 0.23554879 0.63439385 0.23191098 0.0829321  0.47716887
 0.4096557  0.66801355 0.18599664 0.18919293 0.01495188 0.50955427
 0.42027398 0.84487126 0.29928096 0.39145317 0.69194147 0.45812192
 0.232517   0.60064914]
2023-12-11 10:59:09,765 - pyswarms.single.local_best - INFO - Optimize for 10 iters with {'c1': 4.7291031129614955, 'c2': 8.101332182190472, 'w': 4.131180180065406, 'k': 11, 'p': 1}
2023-12-11 10:59:09,778 - pyswarms.single.local_best - INFO - Optimization finished | best cost: 3.4522255400991875, best pos: [0.14828259 0.01674763 0.20973377 0.10930675 0.33876322 0.03886901
 0.56769781 0.11280377 0.12800945 0.25722029 0.06889058 0.6945876
 0.12561459 0.40034848 0.01435569 0.79098519 0.89194038 0.54755857
 0.65222525 0.17407001]
2023-12-11 10:59:09,782 - pyswarms.single.local_best - INFO - Optimize for 10 iters with {'c1': 4.308821122176338, 'c2': 7.133375480201604, 'w': 3.3576950522353384, 'k': 13, 'p': 1}
2023-12-11 10:59:09,793 - pyswarms.single.local_best - INFO - Optimization finished | best cost: 4.140493649196012, best pos: [0.06429911 0.0950168  0.67207275 0.86914293 0.69677385 0.01159457
 0.35717519 0.23180907 0.34736749 0.33709567 0.35081182 0.05223521
 0.91163051 0.36339299 0.43844413 0.16366108 0.01353816 0.56734588
 0.62113456 0.0564918 ]
2023-12-11 10:59:09,798 - pyswarms.single.local_best - INFO - Optimize for 10 iters with {'c1': 2.5896778881594713, 'c2': 8.910645717427794, 'w': 4.390565991193994, 'k': 12, 'p': 1}
2023-12-11 10:59:09,810 - pyswarms.single.local_best - INFO - Optimization finished | best cost: 4.442613190574311, best pos: [0.3459361  0.4114792  0.17890635 0.21227207 0.05523632 0.05301628
 0.45085164 0.00321536 0.08124816 0.90981776 0.41146967 0.99965955
 0.92493543 0.13982625 0.52950699 0.26849051 0.05753878 0.08511221
 0.26966807 0.74406083]
2023-12-11 10:59:09,817 - pyswarms.single.local_best - INFO - Optimize for 10 iters with {'c1': 2.9955138106995767, 'c2': 7.575610326864695, 'w': 3.9021992254785856, 'k': 11, 'p': 1}
2023-12-11 10:59:09,831 - pyswarms.single.local_best - INFO - Optimization finished | best cost: 3.714011147716176, best pos: [0.04498703 0.83972706 0.1027906  0.46935602 0.75973945 0.58794822
 0.2558391  0.26019538 0.11737225 0.55629186 0.18992527 0.04283733
 0.37003712 0.29689716 0.37245459 0.47911417 0.53284756 0.47596823
 0.44812101 0.23273576]
2023-12-11 10:59:09,837 - pyswarms.single.local_best - INFO - Optimize for 10 iters with {'c1': 2.13068523274455, 'c2': 6.23275033472825, 'w': 4.872579245571917, 'k': 14, 'p': 1}
2023-12-11 10:59:09,851 - pyswarms.single.local_best - INFO - Optimization finished | best cost: 4.738923461514085, best pos: [0.88517202 0.04107528 0.68644109 0.13660333 0.70467803 0.08737853
 0.44267255 0.35455099 0.59434913 0.304962   0.50909571 0.08666203
 0.16823912 0.53154458 0.36553278 0.48684873 0.79983305 0.0714457
 0.39418648 0.66583153]
2023-12-11 10:59:09,856 - pyswarms.single.local_best - INFO - Optimize for 10 iters with {'c1': 2.2532250968447833, 'c2': 9.508461200230629, 'w': 3.654724405031147, 'k': 13, 'p': 1}
2023-12-11 10:59:09,869 - pyswarms.single.local_best - INFO - Optimization finished | best cost: 4.265606955793565, best pos: [0.2097435  0.75060142 0.06323095 0.15059546 0.22773343 0.95890824
 0.29612221 0.60518766 0.22154391 0.0971499  0.36249755 0.44349563
 0.1810681  0.36661089 0.68324996 0.05376603 0.39524433 0.76593997
 0.28813741 0.59732618]
2023-12-11 10:59:09,874 - pyswarms.single.local_best - INFO - Optimize for 10 iters with {'c1': 4.997491285298959, 'c2': 7.660821477563686, 'w': 3.4009190374508442, 'k': 12, 'p': 1}
2023-12-11 10:59:09,887 - pyswarms.single.local_best - INFO - Optimization finished | best cost: 4.432527762526219, best pos: [0.11665642 0.13575814 0.3116831  0.65939789 0.73985375 0.34678401
 0.68901107 0.0359728  0.20552161 0.49040766 0.00101754 0.13139039
 0.54328877 0.24374472 0.59698153 0.95957037 0.1301801  0.22864329
 0.24317125 0.8153326 ]
2023-12-11 10:59:09,892 - pyswarms.single.local_best - INFO - Optimize for 10 iters with {'c1': 3.519190146227766, 'c2': 9.089408883002749, 'w': 2.7451004815742794, 'k': 11, 'p': 1}
2023-12-11 10:59:09,906 - pyswarms.single.local_best - INFO - Optimization finished | best cost: 4.875066636425462, best pos: [0.54008368 0.11728527 0.13171773 0.09703584 0.77170295 0.32439365
 0.63206175 0.06814151 0.81427715 0.03651136 0.87104143 0.09340647
 0.6020897  0.39584192 0.68022758 0.94577503 0.22876543 0.190167
 0.14962256 0.13728726]
2023-12-11 10:59:09,913 - pyswarms.single.local_best - INFO - Optimize for 10 iters with {'c1': 1.5751701307464492, 'c2': 6.895071010819175, 'w': 3.219435400703744, 'k': 11, 'p': 1}
2023-12-11 10:59:09,931 - pyswarms.single.local_best - INFO - Optimization finished | best cost: 4.380164751820511, best pos: [0.90108547 0.25776203 0.38802611 0.33794305 0.39738064 0.23824242
 0.64443608 0.65417571 0.05357286 0.09906284 0.6971358  0.16651552
 0.81613412 0.26407425 0.10783761 0.0608317  0.62715801 0.66551188
 0.25497503 0.01702457]
2023-12-11 10:59:09,941 - pyswarms.single.local_best - INFO - Optimize for 10 iters with {'c1': 4.292269590903887, 'c2': 8.144955199943617, 'w': 3.9448819814166933, 'k': 12, 'p': 1}
2023-12-11 10:59:09,955 - pyswarms.single.local_best - INFO - Optimization finished | best cost: 3.11912792402075, best pos: [0.15470253 0.30262668 0.17934186 0.48160799 0.3408557  0.40721838
 0.74565219 0.4024345  0.51937007 0.18990495 0.21608684 0.34131838
 0.08380586 0.10561272 0.52618679 0.26743792 0.41523846 0.50328275
 0.12969641 0.67928685]
2023-12-11 10:59:09,959 - pyswarms.single.local_best - INFO - Optimize for 10 iters with {'c1': 3.405254537852961, 'c2': 9.40337950096989, 'w': 2.0962949753304017, 'k': 14, 'p': 1}
2023-12-11 10:59:09,972 - pyswarms.single.local_best - INFO - Optimization finished | best cost: 3.886951208074771, best pos: [0.10632989 0.20281815 0.16199479 0.98692498 0.34313808 0.13422152
 0.19395384 0.13675603 0.84073351 0.15671863 0.3818272  0.02569369
 0.56600696 0.11434306 0.4041271  0.35921246 0.11528011 0.63549872
 0.34417856 0.77648181]
2023-12-11 10:59:09,976 - pyswarms.single.local_best - INFO - Optimize for 10 iters with {'c1': 3.7372242755468514, 'c2': 7.072710714054554, 'w': 3.1881914543587526, 'k': 12, 'p': 1}
2023-12-11 10:59:09,988 - pyswarms.single.local_best - INFO - Optimization finished | best cost: 4.761799345013222, best pos: [0.26567016 0.49552388 0.13189093 0.04970381 0.29062368 0.90967813
 0.47751082 0.77283488 0.12179424 0.85246949 0.5783478  0.45397999
 0.14290695 0.15038183 0.78687931 0.15952693 0.70681742 0.22820762
 0.40387255 0.06302906]
2023-12-11 10:59:09,993 - pyswarms.single.local_best - INFO - Optimize for 10 iters with {'c1': 3.2367000016858483, 'c2': 8.956853365937407, 'w': 4.373297052785588, 'k': 14, 'p': 1}
2023-12-11 10:59:10,006 - pyswarms.single.local_best - INFO - Optimization finished | best cost: 4.478363727139212, best pos: [0.27338222 0.55875939 0.01053221 0.23222678 0.64372925 0.66210915
 0.50920839 0.74035427 0.65186219 0.65707377 0.4369775  0.37928326
 0.49210652 0.53692177 0.35547825 0.40919543 0.1921154  0.49551451
 0.1699318  0.22388715]
2023-12-11 10:59:10,010 - pyswarms.single.local_best - INFO - Optimize for 10 iters with {'c1': 1.4711913172595978, 'c2': 8.784006771492601, 'w': 2.2212050216422172, 'k': 11, 'p': 1}
2023-12-11 10:59:10,023 - pyswarms.single.local_best - INFO - Optimization finished | best cost: 4.368077639785458, best pos: [0.21918205 0.21495437 0.92354978 0.57219631 0.29922907 0.36101439
 0.5281206  0.61776004 0.03119528 0.64608886 0.53024218 0.52050151
 0.09633077 0.48273436 0.11544407 0.13149255 0.39324452 0.72018323
 0.53484149 0.10147703]
2023-12-11 10:59:10,027 - pyswarms.single.local_best - INFO - Optimize for 10 iters with {'c1': 2.948451063529147, 'c2': 8.326319858578389, 'w': 4.100662705235324, 'k': 13, 'p': 1}
2023-12-11 10:59:10,042 - pyswarms.single.local_best - INFO - Optimization finished | best cost: 4.447589760138401, best pos: [0.83889607 0.38761768 0.10841096 0.81271001 0.03279683 0.54514783
 0.00310961 0.15859477 0.68279618 0.22340695 0.37038067 0.21496802
 0.03355794 0.74686929 0.16647414 0.06207805 0.03089174 0.8805348
 0.12880704 0.71764389]
2023-12-11 10:59:10,047 - pyswarms.single.local_best - INFO - Optimize for 10 iters with {'c1': 4.335859615406898, 'c2': 6.69326102155592, 'w': 4.298199973597841, 'k': 13, 'p': 1}
2023-12-11 10:59:10,058 - pyswarms.single.local_best - INFO - Optimization finished | best cost: 4.640012435928511, best pos: [0.0843464  0.78287302 0.82186438 0.52430453 0.4462801  0.19085321
 0.79586072 0.02792733 0.52953636 0.2937436  0.14588776 0.01147033
 0.22890284 0.40915664 0.80657592 0.2868615  0.53567537 0.32143295
 0.19248204 0.65711581]
2023-12-11 10:59:10,063 - pyswarms.single.local_best - INFO - Optimize for 10 iters with {'c1': 2.8462090770754433, 'c2': 6.692336085734809, 'w': 2.2860852609933984, 'k': 13, 'p': 1}
2023-12-11 10:59:10,075 - pyswarms.single.local_best - INFO - Optimization finished | best cost: 3.549479445497923, best pos: [0.21964021 0.22032206 0.13096987 0.07770173 0.47344484 0.68518589
 0.46060375 0.24060049 0.15308987 0.85577977 0.27372459 0.41843062
 0.44487255 0.14680362 0.27071715 0.02873872 0.50880003 0.11735504
 0.88742754 0.32599426]
2023-12-11 10:59:10,080 - pyswarms.single.local_best - INFO - Optimize for 10 iters with {'c1': 4.3149681038939285, 'c2': 6.073236747817674, 'w': 4.007329698118614, 'k': 14, 'p': 1}
2023-12-11 10:59:10,094 - pyswarms.single.local_best - INFO - Optimization finished | best cost: 4.603678939752008, best pos: [0.52632648 0.61377832 0.10430527 0.65473498 0.32668968 0.10324984
 0.28491587 0.92534239 0.08595068 0.88476774 0.59763942 0.19913673
 0.61178167 0.06578047 0.732903   0.22179123 0.12943254 0.02392266
 0.1091827  0.52377286]
2023-12-11 10:59:10,100 - pyswarms.single.local_best - INFO - Optimize for 10 iters with {'c1': 1.9435241430285761, 'c2': 6.864371652460116, 'w': 3.3209688273594984, 'k': 12, 'p': 1}
2023-12-11 10:59:10,112 - pyswarms.single.local_best - INFO - Optimization finished | best cost: 4.8679244480698305, best pos: [0.08905861 0.51928949 0.61683117 0.25345398 0.60374669 0.11199857
 0.79908175 0.74744747 0.63433027 0.15176836 0.51699494 0.51191139
 0.49376725 0.11297795 0.07181746 0.85317585 0.63801556 0.4509652
 0.10264285 0.07744171]
2023-12-11 10:59:10,118 - pyswarms.single.local_best - INFO - Optimize for 10 iters with {'c1': 4.050670539087368, 'c2': 6.4293237447315725, 'w': 3.8885921300650064, 'k': 13, 'p': 1}
2023-12-11 10:59:10,131 - pyswarms.single.local_best - INFO - Optimization finished | best cost: 3.096061105383871, best pos: [0.34288602 0.80627568 0.41107324 0.47705017 0.20905536 0.01488029
 0.30477182 0.34705518 0.66787955 0.28971383 0.40611563 0.0179435
 0.01482538 0.60961156 0.34016593 0.21598246 0.02350373 0.06676295
 0.09938163 0.65593459]
2023-12-11 10:59:10,137 - pyswarms.single.local_best - INFO - Optimize for 10 iters with {'c1': 2.5785497564530075, 'c2': 7.670403990240853, 'w': 4.015219662537568, 'k': 11, 'p': 1}
2023-12-11 10:59:10,153 - pyswarms.single.local_best - INFO - Optimization finished | best cost: 2.9483976780609997, best pos: [0.01490741 0.2541742  0.01506757 0.29349493 0.3898924  0.59452394
 0.65334963 0.39241667 0.47144351 0.37986553 0.34836478 0.02795889
 0.27649901 0.30920478 0.39716073 0.19877546 0.07198301 0.09424483
 0.37212279 0.83685726]
2023-12-11 10:59:10,159 - pyswarms.single.local_best - INFO - Optimize for 10 iters with {'c1': 2.33669527459919, 'c2': 6.824117244734346, 'w': 3.3234992752372845, 'k': 13, 'p': 1}
2023-12-11 10:59:10,173 - pyswarms.single.local_best - INFO - Optimization finished | best cost: 3.574939527630066, best pos: [0.05733784 0.47889165 0.47631286 0.33748918 0.42274764 0.03822242
 0.67491702 0.1223537  0.57008132 0.63419236 0.34286943 0.19477504
 0.64512124 0.12113099 0.62868566 0.21105675 0.40072339 0.09329677
 0.38007864 0.53273298]
2023-12-11 10:59:10,177 - pyswarms.single.local_best - INFO - Optimize for 10 iters with {'c1': 1.2773006663719055, 'c2': 7.96082926010248, 'w': 3.392594396693844, 'k': 11, 'p': 1}
2023-12-11 10:59:10,189 - pyswarms.single.local_best - INFO - Optimization finished | best cost: 3.8946067613897624, best pos: [0.65241856 0.28433369 0.5073048  0.31724572 0.82482958 0.19082869
 0.57906537 0.15028194 0.0238357  0.68446696 0.65621149 0.06567876
 0.20052957 0.09017487 0.00231994 0.1433577  0.21690453 0.60652823
 0.59419938 0.46320572]
2023-12-11 10:59:10,193 - pyswarms.single.local_best - INFO - Optimize for 10 iters with {'c1': 1.6376126111222558, 'c2': 6.0795589499702665, 'w': 2.437451277133593, 'k': 11, 'p': 1}
2023-12-11 10:59:10,206 - pyswarms.single.local_best - INFO - Optimization finished | best cost: 3.9733333839244773, best pos: [0.01521829 0.40770053 0.18994716 0.38062953 0.29584632 0.13699915
 0.01463222 0.62431767 0.50015728 0.41980599 0.22882657 0.82428602
 0.65374418 0.65388321 0.36290704 0.60046714 0.33528616 0.39210528
 0.58371949 0.13168365]
2023-12-11 10:59:10,210 - pyswarms.single.local_best - INFO - Optimize for 10 iters with {'c1': 2.45942760704855, 'c2': 7.5730970025924265, 'w': 4.223687374816489, 'k': 13, 'p': 1}
2023-12-11 10:59:10,222 - pyswarms.single.local_best - INFO - Optimization finished | best cost: 3.649827893160574, best pos: [0.12932757 0.84255793 0.07918497 0.27804616 0.19776165 0.03922081
 0.35109742 0.70672319 0.47872999 0.38238488 0.25340388 0.20724199
 0.50272572 0.40895179 0.30765641 0.77101214 0.6003344  0.34084468
 0.12230354 0.30505499]
2023-12-11 10:59:10,225 - pyswarms.single.local_best - INFO - Optimize for 10 iters with {'c1': 4.150077632648298, 'c2': 7.038373479342355, 'w': 4.710966271918256, 'k': 14, 'p': 1}
2023-12-11 10:59:10,237 - pyswarms.single.local_best - INFO - Optimization finished | best cost: 3.888733003085716, best pos: [0.6444215  0.73935617 0.37210355 0.19308996 0.40071171 0.68057011
 0.86517821 0.36424933 0.73619779 0.04088394 0.2516334  0.40214616
 0.07324409 0.08772102 0.2445084  0.02343525 0.2956826  0.15963563
 0.25087673 0.47766252]
2023-12-11 10:59:10,241 - pyswarms.single.local_best - INFO - Optimize for 10 iters with {'c1': 1.2256685802998981, 'c2': 6.041060097943108, 'w': 2.9865292441838003, 'k': 11, 'p': 1}
2023-12-11 10:59:10,255 - pyswarms.single.local_best - INFO - Optimization finished | best cost: 2.5613692640902253, best pos: [0.51918584 0.6263506  0.17339503 0.32219447 0.6136419  0.35328434
 0.17451451 0.52001935 0.54261298 0.21620304 0.21119555 0.02753308
 0.38765077 0.40939174 0.22563947 0.06102135 0.33434437 0.03717932
 0.30186121 0.00700902]
2023-12-11 10:59:10,258 - pyswarms.single.local_best - INFO - Optimize for 10 iters with {'c1': 1.910507655031982, 'c2': 8.466187879787995, 'w': 2.9001794451853113, 'k': 12, 'p': 1}
2023-12-11 10:59:10,270 - pyswarms.single.local_best - INFO - Optimization finished | best cost: 3.393745436632594, best pos: [0.35394963 0.15677175 0.02239671 0.09672571 0.58097082 0.5002848
 0.41624888 0.67433774 0.26233989 0.88894893 0.53481178 0.02999764
 0.38810233 0.0910036  0.67081642 0.28171017 0.16285555 0.03565252
 0.23247733 0.31960712]
2023-12-11 10:59:10,274 - pyswarms.single.local_best - INFO - Optimize for 10 iters with {'c1': 2.2063669024567227, 'c2': 9.683586448628072, 'w': 4.057818246908507, 'k': 12, 'p': 1}
2023-12-11 10:59:10,287 - pyswarms.single.local_best - INFO - Optimization finished | best cost: 3.749949332552546, best pos: [0.35813095 0.13466307 0.07187023 0.02054481 0.7591767  0.19917061
 0.60718561 0.37935408 0.0143421  0.31026108 0.02605806 0.32931116
 0.1109608  0.78213674 0.15404665 0.5654246  0.0387042  0.53618049
 0.58469864 0.81573885]
2023-12-11 10:59:10,292 - pyswarms.single.local_best - INFO - Optimize for 10 iters with {'c1': 3.9706118419181493, 'c2': 6.935761874919453, 'w': 3.006953483573625, 'k': 12, 'p': 1}
2023-12-11 10:59:10,307 - pyswarms.single.local_best - INFO - Optimization finished | best cost: 3.6338388068462586, best pos: [0.66014526 0.10449746 0.77704115 0.02159034 0.31325748 0.54324621
 0.7591421  0.46313855 0.28941104 0.40615975 0.34977585 0.30197412
 0.0576317  0.49235755 0.02488648 0.60889132 0.41400911 0.32358732
 0.18159681 0.10186476]
2023-12-11 10:59:10,312 - pyswarms.single.local_best - INFO - Optimize for 10 iters with {'c1': 2.4672478376509166, 'c2': 9.228595805943069, 'w': 3.4353610107997765, 'k': 11, 'p': 1}
2023-12-11 10:59:10,325 - pyswarms.single.local_best - INFO - Optimization finished | best cost: 3.3318505454480363, best pos: [0.54367003 0.29674488 0.19196427 0.29190894 0.11926924 0.32095529
 0.00501256 0.16105129 0.6687762  0.41293204 0.10457408 0.48957815
 0.74695477 0.21641558 0.85554519 0.3930983  0.13506476 0.25711356
 0.14213489 0.46770137]
2023-12-11 10:59:10,328 - pyswarms.single.local_best - INFO - Optimize for 10 iters with {'c1': 1.752112489317064, 'c2': 9.436251666436576, 'w': 3.427234716415597, 'k': 13, 'p': 1}
2023-12-11 10:59:10,341 - pyswarms.single.local_best - INFO - Optimization finished | best cost: 4.305901684788586, best pos: [0.00621401 0.78271497 0.20162502 0.37954966 0.28737527 0.27145596
 0.36808035 0.77166516 0.72164381 0.34657566 0.01457036 0.02986545
 0.52697581 0.47349807 0.61375457 0.24220425 0.29624072 0.52728672
 0.24862752 0.78385643]
2023-12-11 10:59:10,344 - pyswarms.single.local_best - INFO - Optimize for 10 iters with {'c1': 1.3648038908228832, 'c2': 9.258385667245548, 'w': 3.431765781683067, 'k': 13, 'p': 1}
2023-12-11 10:59:10,360 - pyswarms.single.local_best - INFO - Optimization finished | best cost: 4.2742209469095185, best pos: [0.21492299 0.43518826 0.0160381  0.38467529 0.03006232 0.1477737
 0.82361747 0.59316079 0.27987048 0.20135554 0.41478822 0.53483493
 0.47232631 0.37981349 0.93745306 0.10030505 0.60273033 0.21334939
 0.33318719 0.69603677]
2023-12-11 10:59:10,369 - pyswarms.single.local_best - INFO - Optimize for 10 iters with {'c1': 4.351097382912448, 'c2': 8.633230861980868, 'w': 3.642563754792953, 'k': 12, 'p': 1}
2023-12-11 10:59:10,383 - pyswarms.single.local_best - INFO - Optimization finished | best cost: 4.593802063915569, best pos: [6.54116767e-01 5.21839965e-04 1.04764472e-01 2.17846376e-02
 7.09385224e-01 1.87646539e-01 9.22152383e-01 1.69112054e-01
 6.40967221e-02 4.60801369e-01 4.53022992e-01 7.39548113e-01
 6.03017720e-01 1.96956634e-01 7.90265889e-02 9.58376977e-01
 5.48121403e-01 2.04418874e-01 1.10157274e-01 2.94890036e-01]
2023-12-11 10:59:10,387 - pyswarms.single.local_best - INFO - Optimize for 10 iters with {'c1': 3.1099619711255406, 'c2': 7.220388268516953, 'w': 2.5733680562248087, 'k': 13, 'p': 1}
2023-12-11 10:59:10,399 - pyswarms.single.local_best - INFO - Optimization finished | best cost: 3.8041895279646902, best pos: [0.19017357 0.34698954 0.05668285 0.50683799 0.42710856 0.81987542
 0.86422656 0.39803587 0.2100213  0.40940123 0.54339987 0.07380541
 0.10439243 0.00814881 0.13339263 0.17492305 0.96789463 0.16993723
 0.27852542 0.11183319]
2023-12-11 10:59:10,402 - pyswarms.single.local_best - INFO - Optimize for 10 iters with {'c1': 3.999387395061041, 'c2': 8.900257258976517, 'w': 3.421079408175839, 'k': 13, 'p': 1}
2023-12-11 10:59:10,416 - pyswarms.single.local_best - INFO - Optimization finished | best cost: 4.272414610427446, best pos: [0.12790618 0.32719293 0.61639596 0.25832696 0.84300979 0.11752359
 0.66913281 0.6342774  0.45021517 0.16234366 0.57378232 0.47324138
 0.38306063 0.73027847 0.45121753 0.35641924 0.40903808 0.16834892
 0.22023045 0.30122596]
2023-12-11 10:59:10,421 - pyswarms.single.local_best - INFO - Optimize for 10 iters with {'c1': 4.595271349893023, 'c2': 7.852852469826399, 'w': 3.4932457862297426, 'k': 13, 'p': 1}
2023-12-11 10:59:10,433 - pyswarms.single.local_best - INFO - Optimization finished | best cost: 3.193924392940741, best pos: [0.50747675 0.53885579 0.12621197 0.08547344 0.53712783 0.00520365
 0.89982663 0.27711191 0.08493047 0.42475611 0.37005989 0.25855782
 0.60223486 0.28050092 0.25993905 0.06539754 0.41873231 0.09609085
 0.40352152 0.44242366]
2023-12-11 10:59:10,437 - pyswarms.single.local_best - INFO - Optimize for 10 iters with {'c1': 1.8401813659695976, 'c2': 6.570209435348406, 'w': 4.477292134437093, 'k': 12, 'p': 1}
2023-12-11 10:59:10,451 - pyswarms.single.local_best - INFO - Optimization finished | best cost: 3.8693318622499078, best pos: [0.12689244 0.64711651 0.18165989 0.3241356  0.49697594 0.38235255
 0.45869228 0.20666448 0.13486272 0.04437873 0.7414568  0.8195393
 0.11918896 0.17137276 0.23765086 0.37941395 0.4506475  0.04783225
 0.84832985 0.48940413]
2023-12-11 10:59:10,455 - pyswarms.single.local_best - INFO - Optimize for 10 iters with {'c1': 4.533546088681186, 'c2': 8.46109843426553, 'w': 3.1332016069920714, 'k': 13, 'p': 1}
2023-12-11 10:59:10,468 - pyswarms.single.local_best - INFO - Optimization finished | best cost: 2.9244551799534966, best pos: [0.09037319 0.4840357  0.19666905 0.19334665 0.25000619 0.7679847
 0.25744402 0.44372087 0.08297161 0.53244023 0.23876674 0.64509636
 0.06589113 0.53778403 0.13425791 0.44325575 0.5814124  0.12674827
 0.22235952 0.12380332]
2023-12-11 10:59:10,473 - pyswarms.single.local_best - INFO - Optimize for 10 iters with {'c1': 2.368761388153924, 'c2': 7.76907688468779, 'w': 3.0836609381307865, 'k': 13, 'p': 1}
2023-12-11 10:59:10,485 - pyswarms.single.local_best - INFO - Optimization finished | best cost: 3.7704893050837818, best pos: [3.45335647e-01 4.02779668e-01 4.98934607e-01 9.46064264e-01
 6.58574624e-02 3.14269255e-01 4.48807506e-02 1.16769863e-01
 5.31326899e-01 4.54771928e-01 5.83927286e-01 1.25737070e-01
 9.10707833e-02 7.98891333e-01 5.31430134e-01 7.57197406e-04
 5.78235213e-01 3.08963047e-02 3.39649969e-01 2.75104955e-02]
2023-12-11 10:59:10,490 - pyswarms.single.local_best - INFO - Optimize for 10 iters with {'c1': 4.771822885089437, 'c2': 8.929333197960835, 'w': 2.74638762978544, 'k': 11, 'p': 1}
2023-12-11 10:59:10,503 - pyswarms.single.local_best - INFO - Optimization finished | best cost: 3.8029122698814555, best pos: [0.32222349 0.29198728 0.25407775 0.33168172 0.96894182 0.27523484
 0.33352723 0.22033703 0.40766293 0.48767933 0.01243541 0.03431714
 0.236592   0.11034434 0.42372504 0.16198296 0.82996343 0.89026604
 0.23557888 0.22061803]
2023-12-11 10:59:10,507 - pyswarms.single.local_best - INFO - Optimize for 10 iters with {'c1': 2.2945459631190603, 'c2': 8.00612034875229, 'w': 4.474027968556074, 'k': 14, 'p': 1}
2023-12-11 10:59:10,519 - pyswarms.single.local_best - INFO - Optimization finished | best cost: 4.240323841189533, best pos: [0.50721251 0.54444197 0.10668947 0.20461513 0.36042034 0.37052208
 0.21924138 0.45044849 0.13409533 0.90162949 0.37255704 0.22239244
 0.61484862 0.66974241 0.55575873 0.39314478 0.01790633 0.84399067
 0.30192431 0.04726789]
2023-12-11 10:59:10,523 - pyswarms.single.local_best - INFO - Optimize for 10 iters with {'c1': 4.34103811554532, 'c2': 9.8902287197764, 'w': 3.0537756583991573, 'k': 11, 'p': 1}
2023-12-11 10:59:10,534 - pyswarms.single.local_best - INFO - Optimization finished | best cost: 3.458716380694426, best pos: [0.08095037 0.319605   0.44590587 0.57303182 0.25994983 0.09481617
 0.00550938 0.82530258 0.18796059 0.14585686 0.29348031 0.43383304
 0.15545655 0.00761248 0.3265029  0.94844162 0.62178043 0.01438728
 0.31599904 0.46595172]
2023-12-11 10:59:10,538 - pyswarms.single.local_best - INFO - Optimize for 10 iters with {'c1': 3.7103637403627, 'c2': 6.024162076787981, 'w': 2.5795639384645686, 'k': 11, 'p': 1}
2023-12-11 10:59:10,552 - pyswarms.single.local_best - INFO - Optimization finished | best cost: 4.335377183889629, best pos: [0.39972032 0.27419907 0.59652722 0.21092549 0.19326717 0.8137546
 0.16083556 0.62370691 0.43117244 0.42301108 0.15886898 0.47186567
 0.26899497 0.55119944 0.33110104 0.8375983  0.30970798 0.0677868
 0.05393448 0.82589875]
2023-12-11 10:59:10,557 - pyswarms.single.local_best - INFO - Optimize for 10 iters with {'c1': 1.9388100517775664, 'c2': 6.741811766884716, 'w': 3.7635502081313272, 'k': 11, 'p': 1}
2023-12-11 10:59:10,571 - pyswarms.single.local_best - INFO - Optimization finished | best cost: 4.801484412741635, best pos: [0.28366642 0.53890034 0.82845164 0.22747509 0.78617061 0.27972486
 0.04282413 0.6062799  0.25772186 0.00374706 0.53142124 0.06661218
 0.68943702 0.75275547 0.09896322 0.5472694  0.38846213 0.40714123
 0.56981652 0.53000757]
2023-12-11 10:59:10,575 - pyswarms.single.local_best - INFO - Optimize for 10 iters with {'c1': 1.8666455540914586, 'c2': 7.796581232987128, 'w': 2.01902285910762, 'k': 14, 'p': 1}
2023-12-11 10:59:10,588 - pyswarms.single.local_best - INFO - Optimization finished | best cost: 4.262202681146064, best pos: [0.22176327 0.16559671 0.77608294 0.15544748 0.80403356 0.63484988
 0.15664833 0.77758809 0.42456815 0.50423317 0.47377564 0.10694734
 0.02970122 0.12644118 0.60371357 0.54832937 0.52401127 0.49181385
 0.10230728 0.03310731]
2023-12-11 10:59:10,595 - pyswarms.single.local_best - INFO - Optimize for 10 iters with {'c1': 2.0602557299755118, 'c2': 6.0224111848593855, 'w': 3.6504834584343673, 'k': 12, 'p': 1}
2023-12-11 10:59:10,610 - pyswarms.single.local_best - INFO - Optimization finished | best cost: 3.982366769890764, best pos: [0.08460937 0.32562214 0.06167536 0.41556124 0.18382763 0.59096659
 0.4543257  0.49588728 0.08489187 0.27153706 0.43996621 0.08460573
 0.13655318 0.98465378 0.27860652 0.56971342 0.34391116 0.58463736
 0.37025742 0.76688631]
2023-12-11 10:59:10,614 - pyswarms.single.local_best - INFO - Optimize for 10 iters with {'c1': 2.1371176693486076, 'c2': 9.600571653302602, 'w': 2.845835724172029, 'k': 12, 'p': 1}
2023-12-11 10:59:10,626 - pyswarms.single.local_best - INFO - Optimization finished | best cost: 3.817358138569112, best pos: [0.02588644 0.01549159 0.08047849 0.52699925 0.50227539 0.7263185
 0.13042833 0.43635013 0.44819964 0.26694109 0.43712197 0.01223674
 0.63983705 0.54053391 0.03968901 0.16526049 0.90654956 0.02644769
 0.63706402 0.35044023]
2023-12-11 10:59:10,631 - pyswarms.single.local_best - INFO - Optimize for 10 iters with {'c1': 1.9251438299372312, 'c2': 6.852264743663308, 'w': 2.9912423294600488, 'k': 11, 'p': 1}
2023-12-11 10:59:10,643 - pyswarms.single.local_best - INFO - Optimization finished | best cost: 4.061055346558138, best pos: [0.38191954 0.10727368 0.62250668 0.12294102 0.58247294 0.2415405
 0.39192108 0.63293958 0.18810719 0.55711565 0.27568061 0.16341841
 0.09936642 0.85028995 0.58562556 0.20635043 0.35843737 0.66816746
 0.57956432 0.26745651]
2023-12-11 10:59:10,648 - pyswarms.single.local_best - INFO - Optimize for 10 iters with {'c1': 2.5934440427836454, 'c2': 8.919615843820353, 'w': 4.274614705814386, 'k': 14, 'p': 1}
2023-12-11 10:59:10,660 - pyswarms.single.local_best - INFO - Optimization finished | best cost: 4.318168436481884, best pos: [0.72865979 0.44048906 0.2268758  0.26070247 0.41283293 0.95045318
 0.33480111 0.32243221 0.00216633 0.68228611 0.59330258 0.0069777
 0.14102118 0.05455569 0.15785932 0.89258225 0.09230734 0.27497129
 0.46309294 0.47250525]
2023-12-11 10:59:10,666 - pyswarms.single.local_best - INFO - Optimize for 10 iters with {'c1': 1.723508354346757, 'c2': 7.649886316868576, 'w': 4.0752959209237165, 'k': 12, 'p': 1}
2023-12-11 10:59:10,678 - pyswarms.single.local_best - INFO - Optimization finished | best cost: 3.8395097154646924, best pos: [0.53355086 0.13685955 0.32325196 0.38124217 0.76082573 0.26916295
 0.70838339 0.17585934 0.86244548 0.3565773  0.2765833  0.59148816
 0.23119325 0.10479429 0.40390658 0.00092354 0.45000108 0.02834707
 0.25334734 0.55664004]
2023-12-11 10:59:10,688 - pyswarms.single.local_best - INFO - Optimize for 10 iters with {'c1': 3.536248946316739, 'c2': 7.350486303004372, 'w': 4.804687219382506, 'k': 14, 'p': 1}
2023-12-11 10:59:10,703 - pyswarms.single.local_best - INFO - Optimization finished | best cost: 3.824717344558871, best pos: [0.27634678 0.54078325 0.43233849 0.41393821 0.24701748 0.00260082
 0.6863821  0.89376215 0.11187384 0.17908851 0.0969897  0.09611413
 0.65325119 0.30369621 0.25741976 0.5241725  0.46545868 0.06992046
 0.08654609 0.783857  ]
2023-12-11 10:59:10,708 - pyswarms.single.local_best - INFO - Optimize for 10 iters with {'c1': 3.3269776260279853, 'c2': 8.985102665201659, 'w': 3.951493945959592, 'k': 14, 'p': 1}
2023-12-11 10:59:10,724 - pyswarms.single.local_best - INFO - Optimization finished | best cost: 4.364617985719306, best pos: [0.03565844 0.17492014 0.44277015 0.84933921 0.27328412 0.32374223
 0.28076546 0.16559939 0.59334927 0.3840157  0.56249437 0.00982935
 0.50905096 0.17716927 0.49269736 0.39590457 0.37345141 0.89499621
 0.49628347 0.6608774 ]
2023-12-11 10:59:10,728 - pyswarms.single.local_best - INFO - Optimize for 10 iters with {'c1': 1.581541304771516, 'c2': 6.178581241556831, 'w': 2.9227676952987194, 'k': 12, 'p': 1}
2023-12-11 10:59:10,740 - pyswarms.single.local_best - INFO - Optimization finished | best cost: 3.93663145673568, best pos: [0.38255    0.49327482 0.24433069 0.27286111 0.22823963 0.07367353
 0.68338454 0.74298528 0.36427721 0.47738158 0.71798797 0.47677677
 0.17886086 0.71076613 0.49537844 0.18747659 0.35713984 0.29943349
 0.43423032 0.09668224]
2023-12-11 10:59:10,744 - pyswarms.single.local_best - INFO - Optimize for 10 iters with {'c1': 2.9489364215079767, 'c2': 7.235221691308469, 'w': 2.1661540567442414, 'k': 11, 'p': 1}
2023-12-11 10:59:10,756 - pyswarms.single.local_best - INFO - Optimization finished | best cost: 4.347930065357459, best pos: [0.42493298 0.2002216  0.15603403 0.37782099 0.14625089 0.45012084
 0.79856756 0.30248866 0.87620504 0.11775988 0.00231579 0.16293235
 0.17517602 0.16613739 0.03287094 0.36437797 0.47184077 0.94549919
 0.32888838 0.88425412]
2023-12-11 10:59:10,760 - pyswarms.single.local_best - INFO - Optimize for 10 iters with {'c1': 2.0284187160246985, 'c2': 8.528263424837025, 'w': 2.8742452744807796, 'k': 12, 'p': 1}
2023-12-11 10:59:10,772 - pyswarms.single.local_best - INFO - Optimization finished | best cost: 4.912735561017804, best pos: [0.36294534 0.47990963 0.25116259 0.35242347 0.87876908 0.30950094
 0.11954227 0.95634868 0.46825854 0.31249681 0.46539107 0.0855892
 0.12526668 0.33160265 0.64137986 0.6118066  0.30149572 0.38625508
 0.77810795 0.51844203]
2023-12-11 10:59:10,776 - pyswarms.single.local_best - INFO - Optimize for 10 iters with {'c1': 2.130691485143819, 'c2': 8.001412481750014, 'w': 2.33994714784328, 'k': 14, 'p': 1}
2023-12-11 10:59:10,791 - pyswarms.single.local_best - INFO - Optimization finished | best cost: 3.372635695463753, best pos: [0.50020181 0.35233484 0.05118077 0.00258793 0.06148291 0.49814716
 0.13059177 0.3321921  0.20249785 0.59035282 0.41539514 0.45685319
 0.4670435  0.9482462  0.37088652 0.109908   0.25735438 0.48334466
 0.49195787 0.19164692]
2023-12-11 10:59:10,795 - pyswarms.single.local_best - INFO - Optimize for 10 iters with {'c1': 4.637664499533032, 'c2': 6.529587498815712, 'w': 3.083567079020828, 'k': 13, 'p': 1}
2023-12-11 10:59:10,810 - pyswarms.single.local_best - INFO - Optimization finished | best cost: 4.573224646080256, best pos: [0.03199572 0.10960302 0.07521768 0.14796738 0.0178306  0.68888381
 0.30045116 0.04607346 0.03887386 0.71336818 0.54679243 0.52905294
 0.75733702 0.82787228 0.53931622 0.27496193 0.55484156 0.62887089
 0.42135025 0.60812627]
2023-12-11 10:59:10,815 - pyswarms.single.local_best - INFO - Optimize for 10 iters with {'c1': 1.5565301271657273, 'c2': 7.92216264158852, 'w': 2.5689853038726644, 'k': 14, 'p': 1}
2023-12-11 10:59:10,831 - pyswarms.single.local_best - INFO - Optimization finished | best cost: 4.829504866533875, best pos: [0.45635765 0.67039896 0.23658069 0.79601203 0.23923088 0.82043969
 0.64027773 0.27372134 0.0113086  0.18317216 0.22911683 0.58442175
 0.46012379 0.4744636  0.51353739 0.45111675 0.29123744 0.84221121
 0.21766362 0.3060626 ]
2023-12-11 10:59:10,839 - pyswarms.single.local_best - INFO - Optimize for 10 iters with {'c1': 2.4838769614466614, 'c2': 6.1978198296285605, 'w': 4.912724963603624, 'k': 14, 'p': 1}
2023-12-11 10:59:10,855 - pyswarms.single.local_best - INFO - Optimization finished | best cost: 4.102428020775009, best pos: [0.11789778 0.74129365 0.14392301 0.05875932 0.15685822 0.26125
 0.52668852 0.20050753 0.49897237 0.77333243 0.30310979 0.94086402
 0.18152042 0.22993376 0.12044162 0.31672194 0.37554842 0.30631107
 0.70992181 0.58376182]
2023-12-11 10:59:10,861 - pyswarms.single.local_best - INFO - Optimize for 10 iters with {'c1': 3.408816803759042, 'c2': 8.577778139009139, 'w': 3.4521023218103357, 'k': 14, 'p': 1}
2023-12-11 10:59:10,875 - pyswarms.single.local_best - INFO - Optimization finished | best cost: 4.437117535552258, best pos: [0.44183234 0.11782853 0.05865389 0.07967535 0.28895024 0.05338495
 0.56764625 0.41371776 0.57633115 0.22002621 0.1120747  0.36709498
 0.58636072 0.54842571 0.84931196 0.53525472 0.86146764 0.77865812
 0.08196323 0.32100358]
2023-12-11 10:59:10,881 - pyswarms.single.local_best - INFO - Optimize for 10 iters with {'c1': 2.871970637498227, 'c2': 8.936841929161826, 'w': 2.5258949018392443, 'k': 11, 'p': 1}
2023-12-11 10:59:10,900 - pyswarms.single.local_best - INFO - Optimization finished | best cost: 3.152073067475257, best pos: [0.06429184 0.0570344  0.3959375  0.10366411 0.54380224 0.26642107
 0.56983708 0.17349672 0.52254687 0.07491928 0.44692904 0.15115615
 0.79253016 0.29432435 0.47661536 0.10415224 0.35868192 0.41895762
 0.28474268 0.64528927]
2023-12-11 10:59:10,905 - pyswarms.single.local_best - INFO - Optimize for 10 iters with {'c1': 2.2159071126932504, 'c2': 7.141989762784082, 'w': 2.1623755556610353, 'k': 14, 'p': 1}
2023-12-11 10:59:10,922 - pyswarms.single.local_best - INFO - Optimization finished | best cost: 3.658527276767783, best pos: [0.61529768 0.5526037  0.18539319 0.49141812 0.84681    0.03828921
 0.22626143 0.31946108 0.44028462 0.02680753 0.20661117 0.19233975
 0.1933169  0.24578092 0.32207571 0.32018451 0.4921609  0.80534108
 0.11737476 0.58655263]
2023-12-11 10:59:10,928 - pyswarms.single.local_best - INFO - Optimize for 10 iters with {'c1': 2.6922852630914624, 'c2': 6.068097939175848, 'w': 3.893478403243005, 'k': 11, 'p': 1}
2023-12-11 10:59:10,944 - pyswarms.single.local_best - INFO - Optimization finished | best cost: 4.710939471494898, best pos: [0.86489773 0.56293641 0.09605758 0.28466913 0.22374749 0.30353665
 0.23724771 0.18960925 0.55313601 0.67007849 0.43598154 0.60814302
 0.43480133 0.06829785 0.75913905 0.0985888  0.71936592 0.20930297
 0.73106341 0.36184936]
2023-12-11 10:59:10,950 - pyswarms.single.local_best - INFO - Optimize for 10 iters with {'c1': 2.688798800636572, 'c2': 8.353007327070344, 'w': 2.853063064522861, 'k': 13, 'p': 1}
2023-12-11 10:59:10,963 - pyswarms.single.local_best - INFO - Optimization finished | best cost: 4.001150227803976, best pos: [0.13703037 0.24965033 0.48996613 0.31703103 0.19496646 0.80910189
 0.24015328 0.34716312 0.20694072 0.59790028 0.11101355 0.25610851
 0.20981651 0.15827848 0.26714238 0.52407132 0.5724276  0.41556698
 0.67291677 0.92850236]
2023-12-11 10:59:10,970 - pyswarms.single.local_best - INFO - Optimize for 10 iters with {'c1': 1.31681270837344, 'c2': 8.260185466137209, 'w': 2.9188084078785304, 'k': 12, 'p': 1}
2023-12-11 10:59:10,986 - pyswarms.single.local_best - INFO - Optimization finished | best cost: 4.882119935473151, best pos: [0.22875498 0.01799987 0.98935517 0.05621403 0.5870291  0.03239187
 0.03896757 0.47431308 0.52713752 0.50147252 0.04382781 0.5595127
 0.97865244 0.36681407 0.38085172 0.50150336 0.78240305 0.1507141
 0.51417387 0.20713481]
2023-12-11 10:59:10,991 - pyswarms.single.local_best - INFO - Optimize for 10 iters with {'c1': 4.2449870209426015, 'c2': 7.297743585987143, 'w': 4.750425448399753, 'k': 11, 'p': 1}
2023-12-11 10:59:11,009 - pyswarms.single.local_best - INFO - Optimization finished | best cost: 4.026175813450369, best pos: [0.89819089 0.57888518 0.43725732 0.84739407 0.68884462 0.08434403
 0.43399969 0.12428902 0.2628347  0.24619145 0.30747367 0.10783379
 0.26607661 0.34940976 0.23774449 0.41121123 0.09086456 0.17911769
 0.75150136 0.17369663]
2023-12-11 10:59:11,016 - pyswarms.single.local_best - INFO - Optimize for 10 iters with {'c1': 1.2480982513118435, 'c2': 6.333062789635623, 'w': 3.4351378809888247, 'k': 12, 'p': 1}
2023-12-11 10:59:11,036 - pyswarms.single.local_best - INFO - Optimization finished | best cost: 3.3952716276799717, best pos: [0.58728794 0.14700565 0.0242196  0.20321769 0.55446631 0.00890378
 0.41720885 0.47300472 0.14118291 0.74456773 0.02040583 0.3333216
 0.60322384 0.7590933  0.59938575 0.40335244 0.19055749 0.12538085
 0.12080276 0.2589278 ]
2023-12-11 10:59:11,040 - pyswarms.single.local_best - INFO - Optimize for 10 iters with {'c1': 2.358301150273601, 'c2': 7.487660551224632, 'w': 2.8111969458899395, 'k': 12, 'p': 1}
2023-12-11 10:59:11,052 - pyswarms.single.local_best - INFO - Optimization finished | best cost: 3.781182373943956, best pos: [0.3226241  0.45311174 0.34444404 0.3057426  0.47026574 0.99667452
 0.20724055 0.4829286  0.4677143  0.29618718 0.55603049 0.70290642
 0.17412351 0.15222899 0.05190167 0.16044688 0.14063357 0.42570058
 0.16895181 0.58973125]
2023-12-11 10:59:11,056 - pyswarms.single.local_best - INFO - Optimize for 10 iters with {'c1': 2.5902766778606923, 'c2': 7.807897379294523, 'w': 3.9227537444516614, 'k': 14, 'p': 1}
2023-12-11 10:59:11,070 - pyswarms.single.local_best - INFO - Optimization finished | best cost: 3.8897955774967867, best pos: [0.3550625  0.5550857  0.03956971 0.76591919 0.34568747 0.17322962
 0.29802865 0.24375877 0.29921934 0.78173441 0.24288874 0.10930158
 0.03393526 0.21683336 0.85415415 0.32228651 0.27882392 0.43274282
 0.68834545 0.42146518]
2023-12-11 10:59:11,074 - pyswarms.single.local_best - INFO - Optimize for 10 iters with {'c1': 2.0000543945162805, 'c2': 9.72338537432673, 'w': 3.125070675935132, 'k': 12, 'p': 1}
2023-12-11 10:59:11,089 - pyswarms.single.local_best - INFO - Optimization finished | best cost: 4.340430043514461, best pos: [0.27533069 0.35412367 0.82785425 0.04451425 0.19503156 0.57564277
 0.21208384 0.55865937 0.82705447 0.02793894 0.01404633 0.29829031
 0.14310574 0.46397049 0.33393785 0.83437256 0.33328502 0.7578763
 0.19044571 0.4315954 ]
2023-12-11 10:59:11,092 - pyswarms.single.local_best - INFO - Optimize for 10 iters with {'c1': 1.67002487041563, 'c2': 7.390200866567254, 'w': 3.857330182178572, 'k': 11, 'p': 1}
2023-12-11 10:59:11,106 - pyswarms.single.local_best - INFO - Optimization finished | best cost: 4.222885310587235, best pos: [0.47463456 0.89040951 0.59729717 0.61091261 0.75849905 0.37054196
 0.09478518 0.07305438 0.03811905 0.05468271 0.46031717 0.04452329
 0.2897049  0.17401721 0.35718155 0.9112335  0.30723846 0.24421654
 0.25230276 0.48960124]
2023-12-11 10:59:11,110 - pyswarms.single.local_best - INFO - Optimize for 10 iters with {'c1': 2.428560515000372, 'c2': 9.851236469423808, 'w': 2.5652444802843464, 'k': 12, 'p': 1}
2023-12-11 10:59:11,122 - pyswarms.single.local_best - INFO - Optimization finished | best cost: 3.41438346101872, best pos: [0.13508484 0.49763966 0.23577511 0.14825831 0.59992784 0.07751242
 0.53008148 0.89413037 0.08723817 0.55638134 0.66594303 0.44021216
 0.30747309 0.29001736 0.18927844 0.16826281 0.47726548 0.31064654
 0.18273922 0.26389308]
2023-12-11 10:59:11,128 - pyswarms.single.local_best - INFO - Optimize for 10 iters with {'c1': 3.1405733244657075, 'c2': 9.099987221576464, 'w': 4.979539499640945, 'k': 14, 'p': 1}
2023-12-11 10:59:11,148 - pyswarms.single.local_best - INFO - Optimization finished | best cost: 2.614792819379522, best pos: [0.76152734 0.3978902  0.44757159 0.46729405 0.3590617  0.23368947
 0.07804923 0.35719711 0.04484283 0.48903476 0.02452655 0.14634686
 0.12969238 0.51485057 0.23147351 0.6493022  0.20885712 0.08625304
 0.25178396 0.07710569]
2023-12-11 10:59:11,159 - pyswarms.single.local_best - INFO - Optimize for 10 iters with {'c1': 1.3736403405816566, 'c2': 7.4015385006344365, 'w': 2.2274909540871075, 'k': 13, 'p': 1}
2023-12-11 10:59:11,182 - pyswarms.single.local_best - INFO - Optimization finished | best cost: 3.340791127316796, best pos: [0.07086947 0.30105102 0.08739774 0.02364889 0.14416294 0.36991218
 0.22213882 0.56253275 0.71065275 0.11980219 0.21852388 0.22066294
 0.56451028 0.27368977 0.09420623 0.87669895 0.32767846 0.65704479
 0.61983574 0.05810918]
2023-12-11 10:59:11,192 - pyswarms.single.local_best - INFO - Optimize for 10 iters with {'c1': 3.5294511064783634, 'c2': 9.18615430446113, 'w': 4.170077493984472, 'k': 14, 'p': 1}
2023-12-11 10:59:11,212 - pyswarms.single.local_best - INFO - Optimization finished | best cost: 4.088699621959287, best pos: [0.20576906 0.06711258 0.58804043 0.14148066 0.2493902  0.23756985
 0.69730664 0.19782701 0.63030318 0.74834943 0.18231277 0.27984179
 0.2364104  0.19446099 0.76357442 0.36011171 0.21056988 0.67957713
 0.58894632 0.55111447]
2023-12-11 10:59:11,221 - pyswarms.single.local_best - INFO - Optimize for 10 iters with {'c1': 1.645509331551834, 'c2': 6.569528704645018, 'w': 2.531221304678151, 'k': 11, 'p': 1}
2023-12-11 10:59:11,243 - pyswarms.single.local_best - INFO - Optimization finished | best cost: 4.76567520892556, best pos: [0.5123668  0.03047903 0.3899998  0.48162189 0.660069   0.49459285
 0.72661796 0.39617611 0.5352359  0.25952948 0.0334379  0.03074978
 0.27161411 0.46727622 0.51779919 0.35495761 0.79174078 0.36948522
 0.51264208 0.82741834]
2023-12-11 10:59:11,250 - pyswarms.single.local_best - INFO - Optimize for 10 iters with {'c1': 1.608801078026603, 'c2': 6.850364841943241, 'w': 4.1249532228284, 'k': 11, 'p': 1}
2023-12-11 10:59:11,270 - pyswarms.single.local_best - INFO - Optimization finished | best cost: 3.9135006124172915, best pos: [0.16929592 0.10891256 0.19980149 0.46944518 0.31128626 0.66797967
 0.06499156 0.06940177 0.14957456 0.58602832 0.53499314 0.46989904
 0.06240333 0.31023156 0.4858847  0.61106978 0.74572867 0.33120651
 0.85618163 0.28148386]
2023-12-11 10:59:46,041 - pyswarms.single.global_best - INFO - Optimize for 100 iters with {'c1': 0.5, 'c2': 0.3, 'w': 0.9}
2023-12-11 10:59:46,111 - pyswarms.single.global_best - INFO - Optimization finished | best cost: 1.0634817760056395e-08, best pos: [-1.64971923e-05 -1.01797153e-04]
2023-12-11 10:59:54,190 - pyswarms.single.global_best - INFO - Optimize for 100 iters with {'c1': 0.5, 'c2': 0.3, 'w': 0.9}
2023-12-11 10:59:54,269 - pyswarms.single.global_best - INFO - Optimization finished | best cost: 1.1205280987699925e-07, best pos: [-0.00016035 -0.00029384]
2023-12-11 10:59:57,419 - pyswarms.single.global_best - INFO - Optimize for 100 iters with {'c1': 0.5, 'c2': 0.3, 'w': 0.9}
2023-12-11 10:59:57,486 - pyswarms.single.global_best - INFO - Optimization finished | best cost: 6.159163113213673e-08, best pos: [ 2.38699012e-04 -6.79294689e-05]
2023-12-11 11:00:00,062 - pyswarms.single.global_best - INFO - Optimize for 100 iters with {'c1': 0.5, 'c2': 0.3, 'w': 0.9}
2023-12-11 11:00:00,143 - pyswarms.single.global_best - INFO - Optimization finished | best cost: 1.3914162632505803e-08, best pos: [1.03576719e-04 5.64448923e-05]
2023-12-11 11:07:33,704 - pyswarms.single.global_best - INFO - Optimize for 100 iters with {'c1': 0.5, 'c2': 0.3, 'w': 0.9}
2023-12-11 11:07:33,781 - pyswarms.single.global_best - INFO - Optimization finished | best cost: 1.6794889205550918e-08, best pos: [2.68952045e-05 1.26773567e-04]
2023-12-11 13:50:30,234 - pyswarms.single.global_best - INFO - Optimize for 30 iters with {'c1': 0.5, 'c2': 0.3, 'w': 0.3}
2023-12-11 13:51:56,598 - pyswarms.single.global_best - INFO - Optimize for 30 iters with {'c1': 0.5, 'c2': 0.3, 'w': 0.3}
2023-12-11 13:52:25,075 - pyswarms.single.global_best - INFO - Optimization finished | best cost: 4.571317547709819, best pos: [0.9595848]
2023-12-11 13:53:06,883 - pyswarms.single.global_best - INFO - Optimize for 30 iters with {'c1': 0.5, 'c2': 0.3, 'w': 0.3}
2023-12-11 13:53:32,942 - pyswarms.single.global_best - INFO - Optimization finished | best cost: 4.545813712767267, best pos: [0.95958484]
2023-12-11 13:55:16,702 - pyswarms.single.global_best - INFO - Optimize for 30 iters with {'c1': 0.5, 'c2': 0.3, 'w': 0.3}
2023-12-11 14:03:52,894 - pyswarms.single.global_best - INFO - Optimize for 30 iters with {'c1': 0.5, 'c2': 0.3, 'w': 0.3}
2023-12-11 14:04:47,261 - pyswarms.single.global_best - INFO - Optimize for 30 iters with {'c1': 0.5, 'c2': 0.3, 'w': 0.3}
2023-12-11 14:05:22,042 - pyswarms.single.global_best - INFO - Optimize for 30 iters with {'c1': 0.5, 'c2': 0.3, 'w': 0.3}
2023-12-11 14:05:52,834 - pyswarms.single.global_best - INFO - Optimize for 30 iters with {'c1': 0.5, 'c2': 0.3, 'w': 0.3}
2023-12-11 14:14:38,555 - pyswarms.single.global_best - INFO - Optimize for 30 iters with {'c1': 0.5, 'c2': 0.3, 'w': 0.3}
2023-12-11 14:17:59,709 - pyswarms.single.global_best - INFO - Optimize for 30 iters with {'c1': 0.5, 'c2': 0.3, 'w': 0.3}
2023-12-11 14:18:15,219 - pyswarms.single.global_best - INFO - Optimize for 30 iters with {'c1': 0.5, 'c2': 0.3, 'w': 0.3}
2023-12-11 14:20:13,955 - pyswarms.single.global_best - INFO - Optimize for 30 iters with {'c1': 0.5, 'c2': 0.3, 'w': 0.3}
2023-12-11 14:22:19,695 - pyswarms.single.global_best - INFO - Optimize for 30 iters with {'c1': 0.5, 'c2': 0.3, 'w': 0.3}
2023-12-11 14:22:49,986 - pyswarms.single.global_best - INFO - Optimize for 30 iters with {'c1': 0.5, 'c2': 0.3, 'w': 0.3}
2023-12-11 14:28:22,576 - pyswarms.single.global_best - INFO - Optimize for 30 iters with {'c1': 0.5, 'c2': 0.3, 'w': 0.3}
2023-12-11 14:33:34,550 - asyncio - ERROR - Task was destroyed but it is pending!
task: <Task pending name='Task-2' coro=<Kernel.poll_control_queue() running at C:\ProgramData\Anaconda3\lib\site-packages\ipykernel\kernelbase.py:227> wait_for=<Future finished result=<Future at 0x...state=pending>> cb=[_chain_future.<locals>._call_set_state() at C:\ProgramData\Anaconda3\lib\asyncio\futures.py:391]>
2023-12-11 14:35:32,126 - pyswarms.single.global_best - INFO - Optimize for 30 iters with {'c1': 0.5, 'c2': 0.3, 'w': 0.3}
2023-12-11 14:35:39,948 - pyswarms.single.global_best - INFO - Optimize for 30 iters with {'c1': 0.5, 'c2': 0.3, 'w': 0.3}
2023-12-11 14:35:48,347 - pyswarms.single.global_best - INFO - Optimize for 30 iters with {'c1': 0.5, 'c2': 0.3, 'w': 0.3}
2023-12-11 14:35:55,996 - pyswarms.single.global_best - INFO - Optimize for 30 iters with {'c1': 0.5, 'c2': 0.3, 'w': 0.3}
2023-12-11 14:42:09,989 - pyswarms.single.global_best - INFO - Optimize for 30 iters with {'c1': 0.5, 'c2': 0.3, 'w': 0.3}
2023-12-11 15:15:58,300 - pyswarms.single.global_best - INFO - Optimize for 30 iters with {'c1': 0.5, 'c2': 0.3, 'w': 0.3}
2023-12-11 15:25:00,817 - pyswarms.single.global_best - INFO - Optimize for 30 iters with {'c1': 0.5, 'c2': 0.3, 'w': 0.3}
2023-12-11 15:44:27,776 - pyswarms.single.global_best - INFO - Optimize for 30 iters with {'c1': 0.5, 'c2': 0.3, 'w': 0.3}
